{"type":"server-started","port":61667,"host":"127.0.0.1","url_host":"localhost","url":"http://localhost:61667","screen_dir":"/Users/franzfreynhofer/Documents/Code/.superpowers/brainstorm/19308-1774857411/content","state_dir":"/Users/franzfreynhofer/Documents/Code/.superpowers/brainstorm/19308-1774857411/state"}
{"type":"screen-added","file":"/Users/franzfreynhofer/Documents/Code/.superpowers/brainstorm/19308-1774857411/content/dashboard-layout.html"}
{"type":"screen-updated","file":"/Users/franzfreynhofer/Documents/Code/.superpowers/brainstorm/19308-1774857411/content/dashboard-layout.html"}
{"type":"screen-updated","file":"/Users/franzfreynhofer/Documents/Code/.superpowers/brainstorm/19308-1774857411/content/dashboard-layout.html"}
{"type":"screen-updated","file":"/Users/franzfreynhofer/Documents/Code/.superpowers/brainstorm/19308-1774857411/content/dashboard-layout.html"}
{"source":"user-event","type":"click","text":"C\n    \n      Feed-Ansicht\n      Aktivitäts-Feed im Vordergrund — wer hat was wann gemacht. Punkte als Sekundärinfo. Fühlt sich eher wie eine Social App an.\n      \n        Dashboard\n        \n          \n            \n              1.240\n              Franz\n            \n            \n              980\n              Partner\n            \n          \n          ZULETZT ERLEDIGT\n          🧹 Franz hat \"Staubsaugen\" erledigt · +50 Pkt\n          🍽️ Partner hat \"Abwasch\" erledigt · +30 Pkt","choice":"c","id":null,"timestamp":1774858162037}
{"type":"screen-added","file":"/Users/franzfreynhofer/Documents/Code/.superpowers/brainstorm/19308-1774857411/content/task-view.html"}
{"type":"screen-updated","file":"/Users/franzfreynhofer/Documents/Code/.superpowers/brainstorm/19308-1774857411/content/task-view.html"}
{"type":"screen-updated","file":"/Users/franzfreynhofer/Documents/Code/.superpowers/brainstorm/19308-1774857411/content/task-view.html"}
{"type":"screen-updated","file":"/Users/franzfreynhofer/Documents/Code/.superpowers/brainstorm/19308-1774857411/content/task-view.html"}
{"source":"user-event","type":"click","text":"C\n    \n      Kategorien\n      Aufgaben gruppiert nach Bereich (Küche, Bad, Allgemein…). Gut wenn viele Aufgaben vorhanden sind.\n      \n        Aufgaben\n        \n          🍳 KÜCHE\n          \n            🍽️ Abwasch +30\n            🧽 Herd putzen +40\n          \n          🏠 ALLGEMEIN\n          \n            🧹 Saugen +80\n            🛒 Einkaufen +50","choice":"c","id":null,"timestamp":1774858280396}
{"source":"user-event","type":"click","text":"C\n    \n      Kategorien\n      Aufgaben gruppiert nach Bereich (Küche, Bad, Allgemein…). Gut wenn viele Aufgaben vorhanden sind.\n      \n        Aufgaben\n        \n          🍳 KÜCHE\n          \n            🍽️ Abwasch +30\n            🧽 Herd putzen +40\n          \n          🏠 ALLGEMEIN\n          \n            🧹 Saugen +80\n            🛒 Einkaufen +50","choice":"c","id":null,"timestamp":1774858281342}
{"source":"user-event","type":"click","text":"C\n    \n      Kategorien\n      Aufgaben gruppiert nach Bereich (Küche, Bad, Allgemein…). Gut wenn viele Aufgaben vorhanden sind.\n      \n        Aufgaben\n        \n          🍳 KÜCHE\n          \n            🍽️ Abwasch +30\n            🧽 Herd putzen +40\n          \n          🏠 ALLGEMEIN\n          \n            🧹 Saugen +80\n            🛒 Einkaufen +50","choice":"c","id":null,"timestamp":1774858281553}
{"type":"screen-added","file":"/Users/franzfreynhofer/Documents/Code/.superpowers/brainstorm/19308-1774857411/content/store-view.html"}
{"type":"screen-updated","file":"/Users/franzfreynhofer/Documents/Code/.superpowers/brainstorm/19308-1774857411/content/store-view.html"}
{"type":"screen-updated","file":"/Users/franzfreynhofer/Documents/Code/.superpowers/brainstorm/19308-1774857411/content/store-view.html"}
{"type":"screen-updated","file":"/Users/franzfreynhofer/Documents/Code/.superpowers/brainstorm/19308-1774857411/content/store-view.html"}
{"source":"user-event","type":"click","text":"A\n    \n      Getrennte Bereiche\n      Trophäen und echte Belohnungen in zwei klar getrennten Sektionen.\n      \n        🛍️ Store — 1.240 Punkte verfügbar\n        \n          🏆 TROPHÄEN\n          \n            \n              🥇\n              Putz-Profi\n              500 Pkt\n              Kaufen\n            \n            \n              🌟\n              Wochen-Star\n              300 Pkt\n              Kaufen\n            \n          \n          🎁 ECHTE BELOHNUNGEN\n          \n            \n              🍕\n              Pizza-Abend\n              800 Pkt\n              Kaufen\n            \n            \n              🎬\n              Kino aussuchen\n              600 Pkt\n              Kaufen","choice":"a","id":null,"timestamp":1774858349020}
{"type":"screen-added","file":"/Users/franzfreynhofer/Documents/Code/.superpowers/brainstorm/19308-1774857411/content/waiting.html"}
{"type":"screen-updated","file":"/Users/franzfreynhofer/Documents/Code/.superpowers/brainstorm/19308-1774857411/content/waiting.html"}
{"type":"screen-updated","file":"/Users/franzfreynhofer/Documents/Code/.superpowers/brainstorm/19308-1774857411/content/waiting.html"}
{"type":"screen-added","file":"/Users/franzfreynhofer/Documents/Code/.superpowers/brainstorm/19308-1774857411/content/stats-view.html"}
{"type":"screen-updated","file":"/Users/franzfreynhofer/Documents/Code/.superpowers/brainstorm/19308-1774857411/content/stats-view.html"}
{"type":"screen-updated","file":"/Users/franzfreynhofer/Documents/Code/.superpowers/brainstorm/19308-1774857411/content/stats-view.html"}
{"type":"screen-updated","file":"/Users/franzfreynhofer/Documents/Code/.superpowers/brainstorm/19308-1774857411/content/stats-view.html"}
{"type":"screen-added","file":"/Users/franzfreynhofer/Documents/Code/.superpowers/brainstorm/19308-1774857411/content/waiting-2.html"}
{"type":"screen-updated","file":"/Users/franzfreynhofer/Documents/Code/.superpowers/brainstorm/19308-1774857411/content/waiting-2.html"}
{"type":"screen-updated","file":"/Users/franzfreynhofer/Documents/Code/.superpowers/brainstorm/19308-1774857411/content/waiting-2.html"}
{"type":"screen-updated","file":"/Users/franzfreynhofer/Documents/Code/.superpowers/brainstorm/19308-1774857411/content/waiting-2.html"}
{"type":"server-stopped","reason":"idle timeout"}
